Build started 2016/1/23 11:56:56.
     1>Project "C:\myWS\cpp\DP\Bridge\Bridge.vcxproj" on node 2 (Build target(s)).
     1>ClCompile:
         C:\myProgram\Microsoft Visual Studio 14.0\VC\bin\CL.exe /c /ZI /nologo /W3 /WX- /sdl /Od /Oy- /D _MBCS /Gm /EHsc /RTC1 /MDd /GS /fp:precise /Zc:wchar_t /Zc:forScope /Zc:inline /Fo"Debug\\" /Fd"Debug\vc140.pdb" /Gd /TP /analyze- /errorReport:prompt Bridge.cpp BridgeTest.cpp MyBridge.cpp
         Bridge.cpp
         Generating Code...
         Compiling...
         MyBridge.cpp
         BridgeTest.cpp
         Generating Code...
       Link:
         C:\myProgram\Microsoft Visual Studio 14.0\VC\bin\link.exe /ERRORREPORT:PROMPT /OUT:"C:\myWS\cpp\DP\Debug\Bridge.exe" /INCREMENTAL /NOLOGO kernel32.lib user32.lib gdi32.lib winspool.lib comdlg32.lib advapi32.lib shell32.lib ole32.lib oleaut32.lib uuid.lib odbc32.lib odbccp32.lib /MANIFEST /MANIFESTUAC:"level='asInvoker' uiAccess='false'" /manifest:embed /Debug /PDB:"C:\myWS\cpp\DP\Debug\Bridge.pdb" /TLBID:1 /DYNAMICBASE /NXCOMPAT /IMPLIB:"C:\myWS\cpp\DP\Debug\Bridge.lib" /MACHINE:X86 Debug\Bridge.obj
         Debug\BridgeTest.obj
         Debug\MyBridge.obj
         Debug\Sourceable.obj
         Debug\SourceSub1.obj
         Debug\SourceSub2.obj
         Bridge.vcxproj -> C:\myWS\cpp\DP\Debug\Bridge.exe
     1>Done Building Project "C:\myWS\cpp\DP\Bridge\Bridge.vcxproj" (Build target(s)).

Build succeeded.

Time Elapsed 00:00:01.35
